<?xml version="1.0" encoding="UTF-8"?>
<!-- Generated by org.testng.reporters.JUnitReportReporter -->
<testsuite hostname="sreedevi" failures="0" tests="1" name="TestScript.ManageNewsTest" time="4.370" errors="0" timestamp="2024-12-19T18:42:08 IST" skipped="0">
  <testcase classname="TestScript.ManageNewsTest" name="verifyTheUserIsAbleToLoginUsingValidCredentials" time="4.370"/>
  <system-out/>
</testsuite> <!-- TestScript.ManageNewsTest -->
