<?xml version="1.0" encoding="UTF-8"?>
<!-- Generated by org.testng.reporters.JUnitReportReporter -->
<testsuite hostname="sreedevi" failures="0" tests="1" name="TestScript.LoginTest" time="5.429" errors="0" timestamp="2024-12-19T17:14:57 IST" skipped="0">
  <testcase classname="TestScript.LoginTest" name="loginTestWithIncorrectUsername" time="5.429"/>
  <system-out/>
</testsuite> <!-- TestScript.LoginTest -->
